<?xml version="1.0" encoding="UTF-8"?>
<!-- Generated by org.testng.reporters.JUnitXMLReporter -->
<testsuite hostname="DESKTOP-BMSFG04" ignored="0" name="Test" tests="1" failures="1" timestamp="2022-11-14T19:51:42 IST" time="0.132" errors="0">
  <testcase name="loginToActiTime" time="0.0" classname="testNgpack.ActiTimeLogin">
    <failure type="org.testng.TestNGException" message="
Parameter &amp;apos;browser&amp;apos; is required by @Test on method loginToActiTime but has not been marked @Optional or defined
in D:\wcsa3workspace\wcsa3seleniumproject\testngActiTimeReadDataFromXMLfile.xml">
      <![CDATA[org.testng.TestNGException: 
Parameter 'browser' is required by @Test on method loginToActiTime but has not been marked @Optional or defined
in D:\wcsa3workspace\wcsa3seleniumproject\testngActiTimeReadDataFromXMLfile.xml
at java.util.ArrayList.forEach(Unknown Source)
... Removed 26 stack frames]]>
    </failure>
  </testcase> <!-- loginToActiTime -->
</testsuite> <!-- Test -->
